<?xml version="1.0" encoding="UTF-8"?>
<beans xmlns="http://www.springframework.org/schema/beans"
	xmlns:xsi="http://www.w3.org/2001/XMLSchema-instance"
	xsi:schemaLocation="http://www.springframework.org/schema/beans http://www.springframework.org/schema/beans/spring-beans-3.1.xsd">

	<bean id="xpathCollectionProcessor" class="org.dvdprofilerapp.xml.jaxp.XPathCollectionProcessor">
		<property name="collectionXmlResource" value="classpath:test-collection.xml" />
	</bean>
	<bean id="dvdCounter" class="org.dvdprofilerapp.xml.listener.DVDCounter" />


</beans>
