<?xml version="1.0" encoding="UTF-8"?>
<beans xmlns="http://www.springframework.org/schema/beans"
	xmlns:xsi="http://www.w3.org/2001/XMLSchema-instance"
	xsi:schemaLocation="http://www.springframework.org/schema/beans http://www.springframework.org/schema/beans/spring-beans-3.0.xsd">

	<bean id="collectionXmlStreamHandler" class="org.dvdprofilerapp.xml.stax.CollectionXmlStreamProcessor">
		<property name="collectionXmlResource" value="classpath:test-collection.xml" />
	</bean>

</beans>
